# JRE version: OpenJDK Runtime Environment Temurin-17.0.8.1+1 (17.0.8.1+1) (build 17.0.8.1+1)
# Java VM: OpenJDK 64-Bit Server VM Temurin-17.0.8.1+1 (17.0.8.1+1, mixed mode, tiered, compressed oops, compressed class ptrs, g1 gc, windows-amd64)
GC Precious Log:
 CPUs: 4 total, 4 available
 Memory: 8071M
 Large Page Support: Disabled
 NUMA Support: Disabled
 Compressed Oops: Enabled (32-bit)
 Heap Region Size: 1M
 Heap Min Capacity: 8M
 Heap Initial Capacity: 128M
 Heap Max Capacity: 2018M
 Pre-touch: Disabled
 Parallel Workers: 4
 Concurrent Workers: 1
 Concurrent Refinement Workers: 4
 Periodic GC: Disabled
Heap:
 garbage-first heap   total 75776K, used 38664K [0x0000000081e00000, 0x0000000100000000)
  region size 1024K, 1 young (1024K), 1 survivors (1024K)
 Metaspace       used 27518K, committed 27712K, reserved 1114112K
  class space    used 2947K, committed 3072K, reserved 1048576K
GC Heap History (13 events):
Event: 0.583 GC heap before
{Heap before GC invocations=0 (full 0):
 garbage-first heap   total 131072K, used 13312K [0x0000000081e00000, 0x0000000100000000)
  region size 1024K, 13 young (13312K), 0 survivors (0K)
 Metaspace       used 10819K, committed 11072K, reserved 1114112K
  class space    used 1018K, committed 1152K, reserved 1048576K
}
Event: 0.587 GC heap after
{Heap after GC invocations=1 (full 0):
 garbage-first heap   total 131072K, used 1472K [0x0000000081e00000, 0x0000000100000000)
  region size 1024K, 2 young (2048K), 2 survivors (2048K)
 Metaspace       used 10819K, committed 11072K, reserved 1114112K
  class space    used 1018K, committed 1152K, reserved 1048576K
}
Event: 1.196 GC heap before
{Heap before GC invocations=1 (full 0):
 garbage-first heap   total 131072K, used 16832K [0x0000000081e00000, 0x0000000100000000)
  region size 1024K, 18 young (18432K), 2 survivors (2048K)
 Metaspace       used 21292K, committed 21504K, reserved 1114112K
  class space    used 2183K, committed 2304K, reserved 1048576K
}
Event: 1.201 GC heap after
{Heap after GC invocations=2 (full 0):
 garbage-first heap   total 131072K, used 4139K [0x0000000081e00000, 0x0000000100000000)
  region size 1024K, 3 young (3072K), 3 survivors (3072K)
 Metaspace       used 21292K, committed 21504K, reserved 1114112K
  class space    used 2183K, committed 2304K, reserved 1048576K
}
Event: 10.184 GC heap before
{Heap before GC invocations=3 (full 0):
 garbage-first heap   total 53248K, used 45099K [0x0000000081e00000, 0x0000000100000000)
  region size 1024K, 12 young (12288K), 3 survivors (3072K)
 Metaspace       used 27506K, committed 27712K, reserved 1114112K
  class space    used 2947K, committed 3072K, reserved 1048576K
}
Event: 10.190 GC heap after
{Heap after GC invocations=4 (full 0):
 garbage-first heap   total 53248K, used 38620K [0x0000000081e00000, 0x0000000100000000)
  region size 1024K, 2 young (2048K), 2 survivors (2048K)
 Metaspace       used 27506K, committed 27712K, reserved 1114112K
  class space    used 2947K, committed 3072K, reserved 1048576K
}
Event: 10.193 GC heap before
{Heap before GC invocations=4 (full 0):
 garbage-first heap   total 53248K, used 38620K [0x0000000081e00000, 0x0000000100000000)
  region size 1024K, 3 young (3072K), 2 survivors (2048K)
 Metaspace       used 27513K, committed 27712K, reserved 1114112K
  class space    used 2947K, committed 3072K, reserved 1048576K
}
Event: 10.196 GC heap after
{Heap after GC invocations=5 (full 0):
 garbage-first heap   total 53248K, used 38658K [0x0000000081e00000, 0x0000000100000000)
  region size 1024K, 0 young (0K), 0 survivors (0K)
 Metaspace       used 27513K, committed 27712K, reserved 1114112K
  class space    used 2947K, committed 3072K, reserved 1048576K
}
Event: 10.208 GC heap before
{Heap before GC invocations=5 (full 0):
 garbage-first heap   total 53248K, used 42754K [0x0000000081e00000, 0x0000000100000000)
  region size 1024K, 5 young (5120K), 0 survivors (0K)
 Metaspace       used 27518K, committed 27712K, reserved 1114112K
  class space    used 2947K, committed 3072K, reserved 1048576K
}
Event: 10.209 GC heap after
{Heap after GC invocations=6 (full 0):
 garbage-first heap   total 53248K, used 38678K [0x0000000081e00000, 0x0000000100000000)
  region size 1024K, 1 young (1024K), 1 survivors (1024K)
 Metaspace       used 27518K, committed 27712K, reserved 1114112K
  class space    used 2947K, committed 3072K, reserved 1048576K
}
Event: 10.223 GC heap before
{Heap before GC invocations=6 (full 0):
 garbage-first heap   total 75776K, used 42774K [0x0000000081e00000, 0x0000000100000000)
  region size 1024K, 6 young (6144K), 1 survivors (1024K)
 Metaspace       used 27518K, committed 27712K, reserved 1114112K
  class space    used 2947K, committed 3072K, reserved 1048576K
}
Event: 10.224 GC heap after
{Heap after GC invocations=7 (full 0):
 garbage-first heap   total 75776K, used 38668K [0x0000000081e00000, 0x0000000100000000)
  region size 1024K, 1 young (1024K), 1 survivors (1024K)
 Metaspace       used 27518K, committed 27712K, reserved 1114112K
  class space    used 2947K, committed 3072K, reserved 1048576K
}
Event: 10.273 GC heap before
{Heap before GC invocations=8 (full 0):
 garbage-first heap   total 75776K, used 57100K [0x0000000081e00000, 0x0000000100000000)
  region size 1024K, 19 young (19456K), 1 survivors (1024K)
 Metaspace       used 27518K, committed 27712K, reserved 1114112K
  class space    used 2947K, committed 3072K, reserved 1048576K
}

